2018-05-16 10:52:43.360  INFO 20176 --- [main] com.troywang.GringottsApplication        : Starting GringottsApplication on BDSHYF000105497 with PID 20176 (/Users/wangzhijian02/Documents/Github/Gringotts/target/classes started by wangzhijian02 in /Users/wangzhijian02/Documents/Github/Gringotts)
2018-05-16 10:52:43.372 DEBUG 20176 --- [main] com.troywang.GringottsApplication        : Running with Spring Boot v2.0.2.RELEASE, Spring v5.0.6.RELEASE
2018-05-16 10:52:43.376  INFO 20176 --- [main] com.troywang.GringottsApplication        : No active profile set, falling back to default profiles: default
2018-05-16 10:52:43.454  INFO 20176 --- [main] ConfigServletWebServerApplicationContext : Refreshing org.springframework.boot.web.servlet.context.AnnotationConfigServletWebServerApplicationContext@7a4ccb53: startup date [Wed May 16 10:52:43 CST 2018]; root of context hierarchy
2018-05-16 10:52:45.312  INFO 20176 --- [main] .s.d.r.c.RepositoryConfigurationDelegate : Multiple Spring Data modules found, entering strict repository configuration mode!
2018-05-16 10:52:45.418  INFO 20176 --- [main] o.s.i.config.IntegrationRegistrar        : No bean named 'integrationHeaderChannelRegistry' has been explicitly defined. Therefore, a default DefaultHeaderChannelRegistry will be created.
2018-05-16 10:52:45.867  INFO 20176 --- [main] faultConfiguringBeanFactoryPostProcessor : No bean named 'errorChannel' has been explicitly defined. Therefore, a default PublishSubscribeChannel will be created.
2018-05-16 10:52:45.877  INFO 20176 --- [main] faultConfiguringBeanFactoryPostProcessor : No bean named 'taskScheduler' has been explicitly defined. Therefore, a default ThreadPoolTaskScheduler will be created.
2018-05-16 10:52:46.112  INFO 20176 --- [main] trationDelegate$BeanPostProcessorChecker : Bean 'org.springframework.transaction.annotation.ProxyTransactionManagementConfiguration' of type [org.springframework.transaction.annotation.ProxyTransactionManagementConfiguration$$EnhancerBySpringCGLIB$$891d417b] is not eligible for getting processed by all BeanPostProcessors (for example: not eligible for auto-proxying)
2018-05-16 10:52:46.169  INFO 20176 --- [main] trationDelegate$BeanPostProcessorChecker : Bean 'org.springframework.integration.config.IntegrationManagementConfiguration' of type [org.springframework.integration.config.IntegrationManagementConfiguration$$EnhancerBySpringCGLIB$$f40efcaa] is not eligible for getting processed by all BeanPostProcessors (for example: not eligible for auto-proxying)
2018-05-16 10:52:46.558  INFO 20176 --- [main] o.s.b.w.embedded.tomcat.TomcatWebServer  : Tomcat initialized with port(s): 8089 (http)
2018-05-16 10:52:46.581  INFO 20176 --- [main] o.apache.catalina.core.StandardService   : Starting service [Tomcat]
2018-05-16 10:52:46.582  INFO 20176 --- [main] org.apache.catalina.core.StandardEngine  : Starting Servlet Engine: Apache Tomcat/8.5.31
2018-05-16 10:52:46.586  INFO 20176 --- [localhost-startStop-1] o.a.catalina.core.AprLifecycleListener   : The APR based Apache Tomcat Native library which allows optimal performance in production environments was not found on the java.library.path: [/Users/wangzhijian02/Library/Java/Extensions:/Library/Java/Extensions:/Network/Library/Java/Extensions:/System/Library/Java/Extensions:/usr/lib/java:.]
2018-05-16 10:52:46.684  INFO 20176 --- [localhost-startStop-1] o.a.c.c.C.[Tomcat].[localhost].[/]       : Initializing Spring embedded WebApplicationContext
2018-05-16 10:52:46.684  INFO 20176 --- [localhost-startStop-1] o.s.web.context.ContextLoader            : Root WebApplicationContext: initialization completed in 3231 ms
2018-05-16 10:52:46.821  INFO 20176 --- [localhost-startStop-1] o.s.b.w.servlet.ServletRegistrationBean  : Servlet dispatcherServlet mapped to [/]
2018-05-16 10:52:46.827  INFO 20176 --- [localhost-startStop-1] o.s.b.w.servlet.FilterRegistrationBean   : Mapping filter: 'characterEncodingFilter' to: [/*]
2018-05-16 10:52:46.827  INFO 20176 --- [localhost-startStop-1] o.s.b.w.servlet.FilterRegistrationBean   : Mapping filter: 'hiddenHttpMethodFilter' to: [/*]
2018-05-16 10:52:46.827  INFO 20176 --- [localhost-startStop-1] o.s.b.w.servlet.FilterRegistrationBean   : Mapping filter: 'httpPutFormContentFilter' to: [/*]
2018-05-16 10:52:46.827  INFO 20176 --- [localhost-startStop-1] o.s.b.w.servlet.FilterRegistrationBean   : Mapping filter: 'requestContextFilter' to: [/*]
2018-05-16 10:52:46.979  INFO 20176 --- [main] o.s.j.d.DriverManagerDataSource          : Loaded JDBC driver: com.mysql.jdbc.Driver
2018-05-16 10:52:47.656  WARN 20176 --- [main] o.s.b.c.l.AbstractListenerFactoryBean    : org.springframework.batch.item.ItemReader is an interface.  The implementing class will not be queried for annotation based listener configurations.  If using @StepScope on a @Bean method, be sure to return the implementing class so listener annotations can be used.
2018-05-16 10:52:47.735  INFO 20176 --- [main] o.s.w.s.handler.SimpleUrlHandlerMapping  : Mapped URL path [/**/favicon.ico] onto handler of type [class org.springframework.web.servlet.resource.ResourceHttpRequestHandler]
2018-05-16 10:52:48.022  INFO 20176 --- [main] s.w.s.m.m.a.RequestMappingHandlerAdapter : Looking for @ControllerAdvice: org.springframework.boot.web.servlet.context.AnnotationConfigServletWebServerApplicationContext@7a4ccb53: startup date [Wed May 16 10:52:43 CST 2018]; root of context hierarchy
2018-05-16 10:52:48.085  INFO 20176 --- [main] s.w.s.m.m.a.RequestMappingHandlerMapping : Mapped "{[/jobLauncher],methods=[GET],produces=[application/json]}" onto public com.troywang.base.model.BaseResponse com.troywang.web.controller.JobLaucherController.launchJob(java.lang.String,javax.servlet.http.HttpServletRequest)
2018-05-16 10:52:48.089  INFO 20176 --- [main] s.w.s.m.m.a.RequestMappingHandlerMapping : Mapped "{[/error]}" onto public org.springframework.http.ResponseEntity<java.util.Map<java.lang.String, java.lang.Object>> org.springframework.boot.autoconfigure.web.servlet.error.BasicErrorController.error(javax.servlet.http.HttpServletRequest)
2018-05-16 10:52:48.090  INFO 20176 --- [main] s.w.s.m.m.a.RequestMappingHandlerMapping : Mapped "{[/error],produces=[text/html]}" onto public org.springframework.web.servlet.ModelAndView org.springframework.boot.autoconfigure.web.servlet.error.BasicErrorController.errorHtml(javax.servlet.http.HttpServletRequest,javax.servlet.http.HttpServletResponse)
2018-05-16 10:52:48.121  INFO 20176 --- [main] o.s.w.s.handler.SimpleUrlHandlerMapping  : Mapped URL path [/webjars/**] onto handler of type [class org.springframework.web.servlet.resource.ResourceHttpRequestHandler]
2018-05-16 10:52:48.121  INFO 20176 --- [main] o.s.w.s.handler.SimpleUrlHandlerMapping  : Mapped URL path [/**] onto handler of type [class org.springframework.web.servlet.resource.ResourceHttpRequestHandler]
2018-05-16 10:52:48.801  INFO 20176 --- [main] o.s.b.c.r.s.JobRepositoryFactoryBean     : No database type set, using meta data indicating: MYSQL
2018-05-16 10:52:48.821  INFO 20176 --- [main] o.s.b.c.l.support.SimpleJobLauncher      : No TaskExecutor has been set, defaulting to synchronous executor.
2018-05-16 10:52:48.848  INFO 20176 --- [main] o.s.jdbc.datasource.init.ScriptUtils     : Executing SQL script from class path resource [org/springframework/batch/core/schema-mysql.sql]
2018-05-16 10:52:48.915  INFO 20176 --- [main] o.s.jdbc.datasource.init.ScriptUtils     : Executed SQL script from class path resource [org/springframework/batch/core/schema-mysql.sql] in 67 ms.
2018-05-16 10:52:49.011  WARN 20176 --- [main] o.s.data.convert.CustomConversions       : Registering converter from class org.joda.time.LocalDateTime to class java.time.LocalDateTime as reading converter although it doesn't convert from a store-supported type! You might wanna check you annotation setup at the converter implementation.
2018-05-16 10:52:49.026  WARN 20176 --- [main] o.s.data.convert.CustomConversions       : Registering converter from class org.joda.time.LocalDateTime to class java.time.LocalDateTime as reading converter although it doesn't convert from a store-supported type! You might wanna check you annotation setup at the converter implementation.
2018-05-16 10:52:49.040  WARN 20176 --- [main] o.s.data.convert.CustomConversions       : Registering converter from class org.joda.time.LocalDateTime to class java.time.LocalDateTime as reading converter although it doesn't convert from a store-supported type! You might wanna check you annotation setup at the converter implementation.
2018-05-16 10:52:49.172  INFO 20176 --- [main] o.s.s.c.ThreadPoolTaskScheduler          : Initializing ExecutorService  'taskScheduler'
2018-05-16 10:52:49.347  INFO 20176 --- [main] org.quartz.impl.StdSchedulerFactory      : Using default implementation for ThreadExecutor
2018-05-16 10:52:49.363  INFO 20176 --- [main] org.quartz.core.SchedulerSignalerImpl    : Initialized Scheduler Signaller of type: class org.quartz.core.SchedulerSignalerImpl
2018-05-16 10:52:49.363  INFO 20176 --- [main] org.quartz.core.QuartzScheduler          : Quartz Scheduler v.2.3.0 created.
2018-05-16 10:52:49.364  INFO 20176 --- [main] org.quartz.simpl.RAMJobStore             : RAMJobStore initialized.
2018-05-16 10:52:49.365  INFO 20176 --- [main] org.quartz.core.QuartzScheduler          : Scheduler meta-data: Quartz Scheduler (v2.3.0) 'quartzScheduler' with instanceId 'NON_CLUSTERED'
  Scheduler class: 'org.quartz.core.QuartzScheduler' - running locally.
  NOT STARTED.
  Currently in standby mode.
  Number of jobs executed: 0
  Using thread pool 'org.quartz.simpl.SimpleThreadPool' - with 10 threads.
  Using job-store 'org.quartz.simpl.RAMJobStore' - which does not support persistence. and is not clustered.

2018-05-16 10:52:49.365  INFO 20176 --- [main] org.quartz.impl.StdSchedulerFactory      : Quartz scheduler 'quartzScheduler' initialized from an externally provided properties instance.
2018-05-16 10:52:49.365  INFO 20176 --- [main] org.quartz.impl.StdSchedulerFactory      : Quartz scheduler version: 2.3.0
2018-05-16 10:52:49.365  INFO 20176 --- [main] org.quartz.core.QuartzScheduler          : JobFactory set to: org.springframework.boot.autoconfigure.quartz.AutowireCapableBeanJobFactory@6ba060f3
2018-05-16 10:52:49.504  INFO 20176 --- [main] o.s.j.e.a.AnnotationMBeanExporter        : Registering beans for JMX exposure on startup
2018-05-16 10:52:49.519  INFO 20176 --- [main] o.s.c.support.DefaultLifecycleProcessor  : Starting beans in phase 0
2018-05-16 10:52:49.519  INFO 20176 --- [main] o.s.i.endpoint.EventDrivenConsumer       : Adding {logging-channel-adapter:_org.springframework.integration.errorLogger} as a subscriber to the 'errorChannel' channel
2018-05-16 10:52:49.520  INFO 20176 --- [main] o.s.i.channel.PublishSubscribeChannel    : Channel 'application.errorChannel' has 1 subscriber(s).
2018-05-16 10:52:49.520  INFO 20176 --- [main] o.s.i.endpoint.EventDrivenConsumer       : started _org.springframework.integration.errorLogger
2018-05-16 10:52:49.520  INFO 20176 --- [main] o.s.c.support.DefaultLifecycleProcessor  : Starting beans in phase 2147483647
2018-05-16 10:52:49.520  INFO 20176 --- [main] o.s.s.quartz.SchedulerFactoryBean        : Starting Quartz Scheduler now
2018-05-16 10:52:49.520  INFO 20176 --- [main] org.quartz.core.QuartzScheduler          : Scheduler quartzScheduler_$_NON_CLUSTERED started.
2018-05-16 10:52:49.619  INFO 20176 --- [main] o.s.b.w.embedded.tomcat.TomcatWebServer  : Tomcat started on port(s): 8089 (http) with context path ''
2018-05-16 10:52:49.627  INFO 20176 --- [main] com.troywang.GringottsApplication        : Started GringottsApplication in 6.892 seconds (JVM running for 8.01)
2018-05-16 10:52:49.630  INFO 20176 --- [main] o.s.b.a.b.JobLauncherCommandLineRunner   : Running default command line with: []
2018-05-16 10:52:49.955  INFO 20176 --- [main] o.s.b.c.l.support.SimpleJobLauncher      : Job: [SimpleJob: [name=demoJob]] launched with the following parameters: [{}]
2018-05-16 10:52:49.994  INFO 20176 --- [main] o.s.batch.core.job.SimpleStepHandler     : Step already complete or not restartable, so no action to execute: StepExecution: id=1, version=3, name=demoStep, status=COMPLETED, exitStatus=COMPLETED, readCount=0, filterCount=0, writeCount=0 readSkipCount=0, writeSkipCount=0, processSkipCount=0, commitCount=1, rollbackCount=0, exitDescription=
2018-05-16 10:52:50.007  INFO 20176 --- [main] o.s.b.c.l.support.SimpleJobLauncher      : Job: [SimpleJob: [name=demoJob]] completed with the following parameters: [{}] and the following status: [COMPLETED]
2018-05-16 10:52:50.086  INFO 20176 --- [main] o.s.b.c.l.support.SimpleJobLauncher      : Job: [SimpleJob: [name=fileProcessJob]] launched with the following parameters: [{jobName=fileProcessJob, param=201805151739}]
2018-05-16 10:52:50.106  INFO 20176 --- [main] o.s.batch.core.job.SimpleStepHandler     : Step already complete or not restartable, so no action to execute: StepExecution: id=8, version=3, name=fileProcessCtxInitStep, status=COMPLETED, exitStatus=COMPLETED, readCount=0, filterCount=0, writeCount=0 readSkipCount=0, writeSkipCount=0, processSkipCount=0, commitCount=1, rollbackCount=0, exitDescription=
2018-05-16 10:52:50.144  INFO 20176 --- [main] o.s.batch.core.job.SimpleStepHandler     : Executing step: [createScheduleStep]
2018-05-16 10:52:50.286  INFO 20176 --- [main] c.t.b.b.p.CreateScheduleProcessor        : [batch schedule create] request=com.troywang.dal.entity.BatchScheduleDo@24c8d8be
2018-05-16 10:52:50.334 DEBUG 20176 --- [main] c.t.d.m.B.insertSelective                : ==>  Preparing: insert into batch_schedule ( enabled, schedule_no, schedule_date, schedule_status, memo, extension, create_time, modify_time ) values ( ?, ?, ?, ?, ?, ?, ?, ? ) 
2018-05-16 10:52:50.350 DEBUG 20176 --- [main] c.t.d.m.B.insertSelective                : ==> Parameters: 1(Byte), test20180515(String), 20180515(String), Initial(String), (String), (String), 2018-05-16 10:52:50.286(Timestamp), 2018-05-16 10:52:50.286(Timestamp)
2018-05-16 10:52:50.388 DEBUG 20176 --- [main] c.t.d.m.B.insertSelective                : <==    Updates: 1
2018-05-16 10:52:50.411 DEBUG 20176 --- [main] c.t.d.m.B.updateByExampleSelective       : ==>  Preparing: update batch_file_config SET expect_time = ?, modify_time = ? WHERE ( id = ? ) 
2018-05-16 10:52:50.412 DEBUG 20176 --- [main] c.t.d.m.B.updateByExampleSelective       : ==> Parameters: 2018-05-16 00:00:00.0(Timestamp), 2018-05-16 10:52:50.391(Timestamp), 1(Long)
2018-05-16 10:52:50.413 DEBUG 20176 --- [main] c.t.d.m.B.updateByExampleSelective       : <==    Updates: 1
2018-05-16 10:52:50.447  INFO 20176 --- [main] o.s.b.c.l.support.SimpleJobLauncher      : Job: [SimpleJob: [name=fileProcessJob]] completed with the following parameters: [{jobName=fileProcessJob, param=201805151739}] and the following status: [COMPLETED]
2018-05-16 10:53:07.658  INFO 20176 --- [http-nio-8089-exec-1] o.a.c.c.C.[Tomcat].[localhost].[/]       : Initializing Spring FrameworkServlet 'dispatcherServlet'
2018-05-16 10:53:07.658  INFO 20176 --- [http-nio-8089-exec-1] o.s.web.servlet.DispatcherServlet        : FrameworkServlet 'dispatcherServlet': initialization started
2018-05-16 10:53:07.680  INFO 20176 --- [http-nio-8089-exec-1] o.s.web.servlet.DispatcherServlet        : FrameworkServlet 'dispatcherServlet': initialization completed in 22 ms
2018-05-16 10:53:07.714  INFO 20176 --- [http-nio-8089-exec-1] c.t.web.controller.JobLaucherController  : [JobLauncher] launching job, jobName=fileProcessJob, jobParams={jobName=fileProcessJob, param=201805161739}
2018-05-16 10:53:07.777  INFO 20176 --- [http-nio-8089-exec-1] o.s.b.c.l.support.SimpleJobLauncher      : Job: [SimpleJob: [name=fileProcessJob]] launched with the following parameters: [{jobName=fileProcessJob, param=201805161739}]
2018-05-16 10:53:07.806  INFO 20176 --- [http-nio-8089-exec-1] o.s.batch.core.job.SimpleStepHandler     : Executing step: [fileProcessCtxInitStep]
2018-05-16 10:53:07.876  INFO 20176 --- [http-nio-8089-exec-1] o.s.batch.core.job.SimpleStepHandler     : Executing step: [createScheduleStep]
2018-05-16 10:53:07.905  INFO 20176 --- [http-nio-8089-exec-1] c.t.b.b.p.CreateScheduleProcessor        : [batch schedule create] request=com.troywang.dal.entity.BatchScheduleDo@5889fcd
2018-05-16 10:53:07.906 DEBUG 20176 --- [http-nio-8089-exec-1] c.t.d.m.B.insertSelective                : ==>  Preparing: insert into batch_schedule ( enabled, schedule_no, schedule_date, schedule_status, memo, extension, create_time, modify_time ) values ( ?, ?, ?, ?, ?, ?, ?, ? ) 
2018-05-16 10:53:07.908 DEBUG 20176 --- [http-nio-8089-exec-1] c.t.d.m.B.insertSelective                : ==> Parameters: 1(Byte), test20180516(String), 20180516(String), Initial(String), (String), (String), 2018-05-16 10:53:07.905(Timestamp), 2018-05-16 10:53:07.905(Timestamp)
2018-05-16 10:53:07.909 DEBUG 20176 --- [http-nio-8089-exec-1] c.t.d.m.B.insertSelective                : <==    Updates: 1
2018-05-16 10:53:07.911 DEBUG 20176 --- [http-nio-8089-exec-1] c.t.d.m.B.updateByExampleSelective       : ==>  Preparing: update batch_file_config SET expect_time = ?, modify_time = ? WHERE ( id = ? ) 
2018-05-16 10:53:07.912 DEBUG 20176 --- [http-nio-8089-exec-1] c.t.d.m.B.updateByExampleSelective       : ==> Parameters: 2018-05-17 00:00:00.0(Timestamp), 2018-05-16 10:53:07.91(Timestamp), 1(Long)
2018-05-16 10:53:07.913 DEBUG 20176 --- [http-nio-8089-exec-1] c.t.d.m.B.updateByExampleSelective       : <==    Updates: 1
2018-05-16 10:53:07.948  INFO 20176 --- [http-nio-8089-exec-1] o.s.b.c.l.support.SimpleJobLauncher      : Job: [SimpleJob: [name=fileProcessJob]] completed with the following parameters: [{jobName=fileProcessJob, param=201805161739}] and the following status: [COMPLETED]
2018-05-16 11:33:22.897  INFO 20176 --- [Thread-3] ConfigServletWebServerApplicationContext : Closing org.springframework.boot.web.servlet.context.AnnotationConfigServletWebServerApplicationContext@7a4ccb53: startup date [Wed May 16 10:52:43 CST 2018]; root of context hierarchy
2018-05-16 11:33:22.935  INFO 20176 --- [Thread-3] o.s.c.support.DefaultLifecycleProcessor  : Stopping beans in phase 2147483647
2018-05-16 11:33:22.937  INFO 20176 --- [Thread-3] org.quartz.core.QuartzScheduler          : Scheduler quartzScheduler_$_NON_CLUSTERED paused.
2018-05-16 11:33:22.940  INFO 20176 --- [Thread-3] o.s.c.support.DefaultLifecycleProcessor  : Stopping beans in phase 0
2018-05-16 11:33:22.941  INFO 20176 --- [Thread-3] o.s.i.endpoint.EventDrivenConsumer       : Removing {logging-channel-adapter:_org.springframework.integration.errorLogger} as a subscriber to the 'errorChannel' channel
2018-05-16 11:33:22.942  INFO 20176 --- [Thread-3] o.s.i.channel.PublishSubscribeChannel    : Channel 'application.errorChannel' has 0 subscriber(s).
2018-05-16 11:33:22.942  INFO 20176 --- [Thread-3] o.s.i.endpoint.EventDrivenConsumer       : stopped _org.springframework.integration.errorLogger
2018-05-16 11:33:22.946  INFO 20176 --- [Thread-3] o.s.s.quartz.SchedulerFactoryBean        : Shutting down Quartz Scheduler
2018-05-16 11:33:22.946  INFO 20176 --- [Thread-3] org.quartz.core.QuartzScheduler          : Scheduler quartzScheduler_$_NON_CLUSTERED shutting down.
2018-05-16 11:33:22.946  INFO 20176 --- [Thread-3] org.quartz.core.QuartzScheduler          : Scheduler quartzScheduler_$_NON_CLUSTERED paused.
2018-05-16 11:33:22.948  INFO 20176 --- [Thread-3] org.quartz.core.QuartzScheduler          : Scheduler quartzScheduler_$_NON_CLUSTERED shutdown complete.
2018-05-16 11:33:22.949  INFO 20176 --- [Thread-3] o.s.s.c.ThreadPoolTaskScheduler          : Shutting down ExecutorService 'taskScheduler'
2018-05-16 11:33:23.001  INFO 20176 --- [Thread-3] o.s.j.e.a.AnnotationMBeanExporter        : Unregistering JMX-exposed beans on shutdown
